#
# There is insufficient memory for the Java Runtime Environment to continue.
# Native memory allocation (mmap) failed to map 232783872 bytes. Error detail: G1 virtual space
# Possible reasons:
#   The system is out of physical RAM or swap space
#   This process is running with CompressedOops enabled, and the Java Heap may be blocking the growth of the native heap
# Possible solutions:
#   Reduce memory load on the system
#   Increase physical memory or swap space
#   Check if swap backing store is full
#   Decrease Java heap size (-Xmx/-Xms)
#   Decrease number of Java threads
#   Decrease Java thread stack sizes (-Xss)
#   Set larger code cache with -XX:ReservedCodeCacheSize=
#   JVM is running with Zero Based Compressed Oops mode in which the Java heap is
#     placed in the first 32GB address space. The Java Heap base address is the
#     maximum limit for the native heap growth. Please use -XX:HeapBaseMinAddress
#     to set the Java Heap base and to place the Java Heap above 32GB virtual address.
# This output file may be truncated or incomplete.
#
#  Out of Memory Error (os_windows.cpp:3828), pid=23024, tid=3224
#
# JRE version:  (21.0.4) (build )
# Java VM: OpenJDK 64-Bit Server VM (21.0.4+-12508038-b607.1, mixed mode, sharing, tiered, compressed oops, compressed class ptrs, g1 gc, windows-amd64)
# No core dump will be written. Minidumps are not enabled by default on client versions of Windows
#

---------------  S U M M A R Y ------------

Command Line: org.jetbrains.kotlin.cli.jvm.K2JVMCompiler @D:\A22.2022.02929\Kuliah Semester 5\Android Studio\Repro\app\build\20250212_9423881038925309189.compiler.options

Host: AMD Ryzen 5 5600H with Radeon Graphics         , 12 cores, 13G,  Windows 11 , 64 bit Build 22621 (10.0.22621.4830)
Time: Wed Feb 12 16:46:20 2025 SE Asia Standard Time elapsed time: 0.008015 seconds (0d 0h 0m 0s)

---------------  T H R E A D  ---------------

Current thread (0x0000026b692fd3a0):  JavaThread "Unknown thread" [_thread_in_vm, id=3224, stack(0x000000977fa00000,0x000000977fb00000) (1024K)]

Stack: [0x000000977fa00000,0x000000977fb00000]
Native frames: (J=compiled Java code, j=interpreted, Vv=VM code, C=native code)
V  [jvm.dll+0x6ce539]
V  [jvm.dll+0x85bf03]
V  [jvm.dll+0x85e45e]
V  [jvm.dll+0x85eb43]
V  [jvm.dll+0x27dd06]
V  [jvm.dll+0x6cada5]
V  [jvm.dll+0x6bf27a]
V  [jvm.dll+0x3541fb]
V  [jvm.dll+0x35be36]
V  [jvm.dll+0x3adbc6]
V  [jvm.dll+0x3ade98]
V  [jvm.dll+0x32691c]
V  [jvm.dll+0x32760b]
V  [jvm.dll+0x823959]
V  [jvm.dll+0x3bacf8]
V  [jvm.dll+0x80cd58]
V  [jvm.dll+0x44ef2e]
V  [jvm.dll+0x450691]
C  [jli.dll+0x52ab]
C  [ucrtbase.dll+0x29333]
C  [KERNEL32.DLL+0x1259d]
C  [ntdll.dll+0x5af38]


---------------  P R O C E S S  ---------------

Threads class SMR info:
_java_thread_list=0x00007ffca49aa808, length=0, elements={
}

Java Threads: ( => current thread )
Total: 0

Other Threads:
  0x0000026b694d63a0 WorkerThread "GC Thread#0"                     [id=372, stack(0x000000977fb00000,0x000000977fc00000) (1024K)]
  0x0000026b694e52b0 ConcurrentGCThread "G1 Main Marker"            [id=26052, stack(0x000000977fc00000,0x000000977fd00000) (1024K)]
  0x0000026b694e6d60 WorkerThread "G1 Conc#0"                       [id=26864, stack(0x000000977fd00000,0x000000977fe00000) (1024K)]

[error occurred during error reporting (printing all threads), id 0xc0000005, EXCEPTION_ACCESS_VIOLATION (0xc0000005) at pc=0x00007ffca41a9957]
VM state: not at safepoint (not fully initialized)

VM Mutex/Monitor currently owned by a thread:  ([mutex/lock_event])
[0x00007ffca4a173f8] Heap_lock - owner thread: 0x0000026b692fd3a0

Heap address: 0x0000000722400000, size: 3548 MB, Compressed Oops mode: Zero based, Oop shift amount: 3

CDS archive(s) mapped at: [0x0000000000000000-0x0000000000000000-0x0000000000000000), size 0, SharedBaseAddress: 0x0000000800000000, ArchiveRelocationMode: 1.
Narrow klass base: 0x0000000000000000, Narrow klass shift: 0, Narrow klass range: 0x0

GC Precious Log:
 CardTable entry size: 512
 Card Set container configuration: InlinePtr #cards 4 size 8 Array Of Cards #cards 16 size 48 Howl #buckets 8 coarsen threshold 3686 Howl Bitmap #cards 512 size 80 coarsen threshold 460 Card regions per heap region 1 cards per card region 4096

Heap:
 garbage-first heap   total 0K, used 0K [0x0000000722400000, 0x0000000800000000)
  region size 2048K, 0 young (0K), 0 survivors (0K)
 Metaspace       used 0K, committed 0K, reserved 0K
  class space    used 0K, committed 0K, reserved 0K

Heap Regions: E=young(eden), S=young(survivor), O=old, HS=humongous(starts), HC=humongous(continues), CS=collection set, F=free, TAMS=top-at-mark-start, PB=parsable bottom

Card table byte_map: [0x0000026b7e150000,0x0000026b7e840000] _byte_map_base: 0x0000026b7a83e000

Marking Bits: (CMBitMap*) 0x0000026b694d6aa0
 Bits: [0x0000026b00000000, 0x0000026b03770000)

GC Heap History (0 events):
No events

Dll operation events (1 events):
Event: 0.005 Loaded shared library D:\Program Files\Android\Android Studio\jbr\bin\java.dll

Deoptimization events (0 events):
No events

Classes loaded (0 events):
No events

Classes unloaded (0 events):
No events

Classes redefined (0 events):
No events

Internal exceptions (0 events):
No events

ZGC Phase Switch (0 events):
No events

VM Operations (0 events):
No events

Memory protections (0 events):
No events

Nmethod flushes (0 events):
No events

Events (0 events):
No events


Dynamic libraries:
0x00007ff70f9c0000 - 0x00007ff70f9ca000 	D:\Program Files\Android\Android Studio\jbr\bin\java.exe
0x00007ffd4b050000 - 0x00007ffd4b267000 	C:\WINDOWS\SYSTEM32\ntdll.dll
0x00007ffd4a3c0000 - 0x00007ffd4a484000 	C:\WINDOWS\System32\KERNEL32.DLL
0x00007ffd484a0000 - 0x00007ffd48870000 	C:\WINDOWS\System32\KERNELBASE.dll
0x00007ffd48910000 - 0x00007ffd48a21000 	C:\WINDOWS\System32\ucrtbase.dll
0x00007ffd39c70000 - 0x00007ffd39c8b000 	D:\Program Files\Android\Android Studio\jbr\bin\VCRUNTIME140.dll
0x00007ffd43ee0000 - 0x00007ffd43ef8000 	D:\Program Files\Android\Android Studio\jbr\bin\jli.dll
0x00007ffd49040000 - 0x00007ffd491ee000 	C:\WINDOWS\System32\USER32.dll
0x00007ffd48300000 - 0x00007ffd48326000 	C:\WINDOWS\System32\win32u.dll
0x00007ffd389a0000 - 0x00007ffd38c32000 	C:\WINDOWS\WinSxS\amd64_microsoft.windows.common-controls_6595b64144ccf1df_6.0.22621.4830_none_270fe7d773858e80\COMCTL32.dll
0x00007ffd4a9a0000 - 0x00007ffd4a9c9000 	C:\WINDOWS\System32\GDI32.dll
0x00007ffd4a890000 - 0x00007ffd4a937000 	C:\WINDOWS\System32\msvcrt.dll
0x00007ffd48a30000 - 0x00007ffd48b4b000 	C:\WINDOWS\System32\gdi32full.dll
0x00007ffd48870000 - 0x00007ffd4890a000 	C:\WINDOWS\System32\msvcp_win.dll
0x00007ffd48d40000 - 0x00007ffd48d71000 	C:\WINDOWS\System32\IMM32.DLL
0x00007ffd44cb0000 - 0x00007ffd44cbc000 	D:\Program Files\Android\Android Studio\jbr\bin\vcruntime140_1.dll
0x00007ffcde2b0000 - 0x00007ffcde33d000 	D:\Program Files\Android\Android Studio\jbr\bin\msvcp140.dll
0x00007ffca3e70000 - 0x00007ffca4af3000 	D:\Program Files\Android\Android Studio\jbr\bin\server\jvm.dll
0x00007ffd4a7d0000 - 0x00007ffd4a881000 	C:\WINDOWS\System32\ADVAPI32.dll
0x00007ffd49980000 - 0x00007ffd49a27000 	C:\WINDOWS\System32\sechost.dll
0x00007ffd48c10000 - 0x00007ffd48c38000 	C:\WINDOWS\System32\bcrypt.dll
0x00007ffd48d80000 - 0x00007ffd48e94000 	C:\WINDOWS\System32\RPCRT4.dll
0x00007ffd4aed0000 - 0x00007ffd4af41000 	C:\WINDOWS\System32\WS2_32.dll
0x00007ffd481d0000 - 0x00007ffd4821d000 	C:\WINDOWS\SYSTEM32\POWRPROF.dll
0x00007ffd44150000 - 0x00007ffd44184000 	C:\WINDOWS\SYSTEM32\WINMM.dll
0x00007ffd40440000 - 0x00007ffd4044a000 	C:\WINDOWS\SYSTEM32\VERSION.dll
0x00007ffd481b0000 - 0x00007ffd481c3000 	C:\WINDOWS\SYSTEM32\UMPDC.dll
0x00007ffd47260000 - 0x00007ffd47278000 	C:\WINDOWS\SYSTEM32\kernel.appcore.dll
0x00007ffd3eab0000 - 0x00007ffd3eaba000 	D:\Program Files\Android\Android Studio\jbr\bin\jimage.dll
0x00007ffd45e60000 - 0x00007ffd46092000 	C:\WINDOWS\SYSTEM32\DBGHELP.DLL
0x00007ffd492e0000 - 0x00007ffd49670000 	C:\WINDOWS\System32\combase.dll
0x00007ffd498a0000 - 0x00007ffd49977000 	C:\WINDOWS\System32\OLEAUT32.dll
0x00007ffd2e070000 - 0x00007ffd2e0a2000 	C:\WINDOWS\SYSTEM32\dbgcore.DLL
0x00007ffd48c40000 - 0x00007ffd48cbb000 	C:\WINDOWS\System32\bcryptPrimitives.dll
0x00007ffd35c50000 - 0x00007ffd35c70000 	D:\Program Files\Android\Android Studio\jbr\bin\java.dll

dbghelp: loaded successfully - version: 4.0.5 - missing functions: none
symbol engine: initialized successfully - sym options: 0x614 - pdb path: .;D:\Program Files\Android\Android Studio\jbr\bin;C:\WINDOWS\SYSTEM32;C:\WINDOWS\WinSxS\amd64_microsoft.windows.common-controls_6595b64144ccf1df_6.0.22621.4830_none_270fe7d773858e80;D:\Program Files\Android\Android Studio\jbr\bin\server

VM Arguments:
java_command: org.jetbrains.kotlin.cli.jvm.K2JVMCompiler @D:\A22.2022.02929\Kuliah Semester 5\Android Studio\Repro\app\build\20250212_9423881038925309189.compiler.options
java_class_path (initial): C:\Users\alema\.gradle\caches\modules-2\files-2.1\org.jetbrains.kotlin\kotlin-compiler-embeddable\1.9.24\78dab849090e6c5e2eadb6e59a11cdc28fb67a08\kotlin-compiler-embeddable-1.9.24.jar;C:\Users\alema\.gradle\caches\modules-2\files-2.1\org.jetbrains.kotlin\kotlin-stdlib\1.9.24\9928532f12c66ad816a625b3f9984f8368ca6d2b\kotlin-stdlib-1.9.24.jar;C:\Users\alema\.gradle\caches\modules-2\files-2.1\org.jetbrains.kotlin\kotlin-script-runtime\1.9.24\96771497da90fbc5af1c90fce148db2595a62502\kotlin-script-runtime-1.9.24.jar;C:\Users\alema\.gradle\caches\modules-2\files-2.1\org.jetbrains.kotlin\kotlin-reflect\1.6.10\1cbe9c92c12a94eea200d23c2bbaedaf3daf5132\kotlin-reflect-1.6.10.jar;C:\Users\alema\.gradle\caches\modules-2\files-2.1\org.jetbrains.kotlin\kotlin-daemon-embeddable\1.9.24\86685b9c5e8d170925bd9ddbdc263374a6a73281\kotlin-daemon-embeddable-1.9.24.jar;C:\Users\alema\.gradle\caches\modules-2\files-2.1\org.jetbrains.intellij.deps\trove4j\1.0.20200330\3afb14d5f9ceb459d724e907a21145e8ff394f02\trove4j-1.0.20200330.jar;C:\Users\alema\.gradle\caches\modules-2\files-2.1\org.jetbrains\annotations\13.0\919f0dfe192fb4e063e7dacadee7f8bb9a2672a9\annotations-13.0.jar
Launcher Type: SUN_STANDARD

[Global flags]
     intx CICompilerCount                          = 4                                         {product} {ergonomic}
     uint ConcGCThreads                            = 3                                         {product} {ergonomic}
     uint G1ConcRefinementThreads                  = 10                                        {product} {ergonomic}
   size_t G1HeapRegionSize                         = 2097152                                   {product} {ergonomic}
    uintx GCDrainStackTargetSize                   = 64                                        {product} {ergonomic}
   size_t InitialHeapSize                          = 232783872                                 {product} {ergonomic}
   size_t MarkStackSize                            = 4194304                                   {product} {ergonomic}
   size_t MaxHeapSize                              = 3720347648                                {product} {ergonomic}
   size_t MinHeapDeltaBytes                        = 2097152                                   {product} {ergonomic}
   size_t MinHeapSize                              = 8388608                                   {product} {ergonomic}
    uintx NonNMethodCodeHeapSize                   = 5839372                                {pd product} {ergonomic}
    uintx NonProfiledCodeHeapSize                  = 122909434                              {pd product} {ergonomic}
    uintx ProfiledCodeHeapSize                     = 122909434                              {pd product} {ergonomic}
    uintx ReservedCodeCacheSize                    = 251658240                              {pd product} {ergonomic}
     bool SegmentedCodeCache                       = true                                      {product} {ergonomic}
   size_t SoftMaxHeapSize                          = 3720347648                             {manageable} {ergonomic}
     bool UseCompressedOops                        = true                           {product lp64_product} {ergonomic}
     bool UseG1GC                                  = true                                      {product} {ergonomic}
     bool UseLargePagesIndividualAllocation        = false                                  {pd product} {ergonomic}

Logging:
Log output configuration:
 #0: stdout all=warning uptime,level,tags foldmultilines=false
 #1: stderr all=off uptime,level,tags foldmultilines=false

Environment Variables:
PATH=C:\Windows\system32;C:\Windows;C:\Windows\System32\Wbem;C:\Windows\System32\WindowsPowerShell\v1.0\;C:\Windows\System32\OpenSSH\;C:\Program Files (x86)\NVIDIA Corporation\PhysX\Common;C:\WINDOWS\system32;C:\WINDOWS;C:\WINDOWS\System32\Wbem;C:\WINDOWS\System32\WindowsPowerShell\v1.0\;C:\WINDOWS\System32\OpenSSH\;C:\ProgramData\chocolatey\bin;C:\Program Files\NVIDIA Corporation\NVIDIA app\NvDLISR;D:\Program Files\Git\cmd;D:\xampp\php;D:\Program Files\composer;D:\Program Files\nodejs\;C:\Users\alema\.config\herd\bin\nvm;C:\Program Files\nodejs;D:\Python\Python312\Scripts\;D:\Python\Python312\;C:\Users\alema\AppData\Local\Microsoft\WindowsApps;C:\Users\alema\AppData\Local\Programs\Microsoft VS Code\bin;C:\tools\dart-sdk\bin;C:\Users\alema\AppData\Local\Pub\Cache\bin;D:\flutter\bin;D:\Program Files\Git\bin;C:\Users\alema\AppData\Roaming\Composer\vendor\bin;C:\Users\alema\AppData\Roaming\npm;D:\Program Files\nodejs\;D:\laragon\bin\php\php-8.3.10-nts-Win32-vs16-x64;D:\Program Files\Hugo;
USERNAME=KucingTerbang
OS=Windows_NT
PROCESSOR_IDENTIFIER=AMD64 Family 25 Model 80 Stepping 0, AuthenticAMD
TMP=C:\Users\alema\AppData\Local\Temp
TEMP=C:\Users\alema\AppData\Local\Temp




Periodic native trim disabled

JNI global refs:
JNI global refs: 0, weak refs: 0

JNI global refs memory usage: 0, weak refs: 0

Process memory usage:
Resident Set Size: 11724K (0% of 14528572K total physical memory with 510888K free physical memory)

OOME stack traces (most recent first):
Classloader memory used:

---------------  S Y S T E M  ---------------

OS:
 Windows 11 , 64 bit Build 22621 (10.0.22621.4830)
OS uptime: 2 days 3:02 hours
Hyper-V role detected

CPU: total 12 (initial active 12) (12 cores per cpu, 2 threads per core) family 25 model 80 stepping 0 microcode 0x0, cx8, cmov, fxsr, ht, mmx, 3dnowpref, sse, sse2, sse3, ssse3, sse4a, sse4.1, sse4.2, popcnt, lzcnt, tsc, tscinvbit, avx, avx2, aes, erms, clmul, bmi1, bmi2, adx, sha, fma, vzeroupper, clflush, clflushopt, hv, rdtscp, rdpid, fsrm, f16c, cet_ss
Processor Information for processor 0
  Max Mhz: 3301, Current Mhz: 2630, Mhz Limit: 3301
Processor Information for processor 1
  Max Mhz: 3301, Current Mhz: 2630, Mhz Limit: 3301
Processor Information for processor 2
  Max Mhz: 3301, Current Mhz: 3301, Mhz Limit: 3301
Processor Information for processor 3
  Max Mhz: 3301, Current Mhz: 2630, Mhz Limit: 3301
Processor Information for processor 4
  Max Mhz: 3301, Current Mhz: 2630, Mhz Limit: 3301
Processor Information for processor 5
  Max Mhz: 3301, Current Mhz: 2630, Mhz Limit: 3301
Processor Information for processor 6
  Max Mhz: 3301, Current Mhz: 2630, Mhz Limit: 3301
Processor Information for processor 7
  Max Mhz: 3301, Current Mhz: 2630, Mhz Limit: 3301
Processor Information for processor 8
  Max Mhz: 3301, Current Mhz: 2630, Mhz Limit: 3301
Processor Information for processor 9
  Max Mhz: 3301, Current Mhz: 2630, Mhz Limit: 3301
Processor Information for processor 10
  Max Mhz: 3301, Current Mhz: 2630, Mhz Limit: 3301
Processor Information for processor 11
  Max Mhz: 3301, Current Mhz: 3301, Mhz Limit: 3301

Memory: 4k page, system-wide physical 14188M (498M free)
TotalPageFile size 36519M (AvailPageFile size 94M)
current process WorkingSet (physical memory assigned to process): 11M, peak: 11M
current process commit charge ("private bytes"): 64M, peak: 286M

vm_info: OpenJDK 64-Bit Server VM (21.0.4+-12508038-b607.1) for windows-amd64 JRE (21.0.4+-12508038-b607.1), built on 2024-10-16T17:23:34Z by "builder" with MS VC++ 16.10 / 16.11 (VS2019)

END.
